G:\CRACKING THE CODING INTERVIEW\STACK\STACK\DEBUG\SIMPLESTACK.OBJ
G:\CRACKING THE CODING INTERVIEW\STACK\STACK\DEBUG\VC110.PDB
G:\CRACKING THE CODING INTERVIEW\STACK\DEBUG\STACK.ILK
G:\CRACKING THE CODING INTERVIEW\STACK\DEBUG\STACK.EXE
G:\CRACKING THE CODING INTERVIEW\STACK\DEBUG\STACK.PDB
G:\Cracking the Coding Interview\Stack\Stack\Debug\SimpleStack.obj
G:\Cracking the Coding Interview\Stack\Stack\Debug\cl.command.1.tlog
G:\Cracking the Coding Interview\Stack\Stack\Debug\CL.read.1.tlog
G:\Cracking the Coding Interview\Stack\Stack\Debug\CL.write.1.tlog
G:\Cracking the Coding Interview\Stack\Stack\Debug\link-cvtres.read.1.tlog
G:\Cracking the Coding Interview\Stack\Stack\Debug\link-cvtres.write.1.tlog
G:\Cracking the Coding Interview\Stack\Stack\Debug\link-rc.read.1.tlog
G:\Cracking the Coding Interview\Stack\Stack\Debug\link-rc.write.1.tlog
G:\Cracking the Coding Interview\Stack\Stack\Debug\link.10184-cvtres.read.1.tlog
G:\Cracking the Coding Interview\Stack\Stack\Debug\link.10184-cvtres.write.1.tlog
G:\Cracking the Coding Interview\Stack\Stack\Debug\link.10184-rc.read.1.tlog
G:\Cracking the Coding Interview\Stack\Stack\Debug\link.10184-rc.write.1.tlog
G:\Cracking the Coding Interview\Stack\Stack\Debug\link.10184.read.1.tlog
G:\Cracking the Coding Interview\Stack\Stack\Debug\link.10184.write.1.tlog
G:\Cracking the Coding Interview\Stack\Stack\Debug\link.command.1.tlog
G:\Cracking the Coding Interview\Stack\Stack\Debug\link.read.1.tlog
G:\Cracking the Coding Interview\Stack\Stack\Debug\link.write.1.tlog
G:\Cracking the Coding Interview\Stack\Stack\Debug\vc110.idb
G:\Cracking the Coding Interview\Stack\Stack\Debug\vc110.pdb
G:\Cracking the Coding Interview\Stack\Debug\Stack.pdb
G:\Cracking the Coding Interview\Stack\Debug\Stack.exe
G:\Cracking the Coding Interview\Stack\Debug\Stack.ilk
